<!DOCTYPE html PUBLIC "-//W3C//DTD XHTML 1.1//EN" "http://www.w3.org/TR/xhtml11/DTD/xhtml11.dtd">
<html xmlns="http://www.w3.org/1999/xhtml"><head><title>TestNG Report</title><style type="text/css">table {margin-bottom:10px;border-collapse:collapse;empty-cells:show}th,td {border:1px solid #009;padding:.25em .5em}th {vertical-align:bottom}td {vertical-align:top}table a {font-weight:bold}.stripe td {background-color: #E6EBF9}.num {text-align:right}.passedodd td {background-color: #3F3}.passedeven td {background-color: #0A0}.skippedodd td {background-color: #DDD}.skippedeven td {background-color: #CCC}.failedodd td,.attn {background-color: #F33}.failedeven td,.stripe .attn {background-color: #D00}.stacktrace {white-space:pre;font-family:monospace}.totop {font-size:85%;text-align:center;border-bottom:2px solid #000}</style></head><body><table><tr><th>Test</th><th># Passed</th><th># Skipped</th><th># Failed</th><th>Time (ms)</th><th>Included Groups</th><th>Excluded Groups</th></tr><tr><th colspan="7">Test-Suite-Naukri</th></tr><tr><td><a href="#t0">Naukri Test</a></td><td class="num">6</td><td class="num">0</td><td class="num attn">1</td><td class="num">104,716</td><td></td><td></td></tr></table><table><thead><tr><th>Class</th><th>Method</th><th>Start</th><th>Time (ms)</th></tr></thead><tbody><tr><th colspan="4">Test-Suite-Naukri</th></tr></tbody><tbody id="t0"><tr><th colspan="4">Naukri Test &#8212; failed</th></tr><tr class="failedeven"><td rowspan="1">com.featuretesting.LogInPage</td><td><a href="#m0">invalidCredentialsTest</a></td><td rowspan="1">1630917720362</td><td rowspan="1">23246</td></tr><tr><th colspan="4">Naukri Test &#8212; passed</th></tr><tr class="passedeven"><td rowspan="6">com.featuretesting.LogInPage</td><td><a href="#m1">companyURLVerification</a></td><td rowspan="1">1630917684529</td><td rowspan="1">7351</td></tr><tr class="passedeven"><td><a href="#m2">homePageTest</a></td><td rowspan="1">1630917698817</td><td rowspan="1">2780</td></tr><tr class="passedeven"><td><a href="#m3">invalidCredentialsTest</a></td><td rowspan="1">1630917708389</td><td rowspan="1">5161</td></tr><tr class="passedeven"><td><a href="#m4">logInToNaukriSite</a></td><td rowspan="1">1630917750648</td><td rowspan="1">10661</td></tr><tr class="passedeven"><td><a href="#m5">openBrowserAllrecruiterPage</a></td><td rowspan="1">1630917768257</td><td rowspan="1">3027</td></tr><tr class="passedeven"><td><a href="#m6">registerClick</a></td><td rowspan="1">1630917778078</td><td rowspan="1">3421</td></tr></tbody></table><h2>Naukri Test</h2><h3 id="m0">com.featuretesting.LogInPage#invalidCredentialsTest</h3><table class="result"><tr class="param"><th>Parameter #1</th><th>Parameter #2</th></tr><tr class="param stripe"><td>test.test@test.com</td><td>tester</td></tr><tr><th colspan="2">Exception</th></tr><tr><td colspan="2"><div class="stacktrace">org.openqa.selenium.TimeoutException: Expected condition failed: waiting for visibility of element located by By.xpath: //div[@class= &apos;server-err&apos;] (tried for 20 second(s) with 500 milliseconds interval)
	at org.openqa.selenium.support.ui.WebDriverWait.timeoutException(WebDriverWait.java:95)
	at org.openqa.selenium.support.ui.FluentWait.until(FluentWait.java:272)
	at com.featuretesting.BaseClass.explicitWait(BaseClass.java:102)
	at com.objectrepository.LogInPagePOM.getErrorMessage(LogInPagePOM.java:60)
	at com.featuretesting.LogInPage.invalidCredentialsTest(LogInPage.java:42)
Caused by: org.openqa.selenium.NoSuchElementException: no such element: Unable to locate element: {&quot;method&quot;:&quot;xpath&quot;,&quot;selector&quot;:&quot;//div[@class= &apos;server-err&apos;]&quot;}
  (Session info: chrome=92.0.4515.159)
For documentation on this error, please visit: https://www.seleniumhq.org/exceptions/no_such_element.html
Build info: version: &apos;3.141.59&apos;, revision: &apos;e82be7d358&apos;, time: &apos;2018-11-14T08:17:03&apos;
System info: host: &apos;LAPTOP-04HEG027&apos;, ip: &apos;192.168.1.4&apos;, os.name: &apos;Windows 10&apos;, os.arch: &apos;amd64&apos;, os.version: &apos;10.0&apos;, java.version: &apos;11.0.11&apos;
Driver info: org.openqa.selenium.chrome.ChromeDriver
Capabilities {acceptInsecureCerts: false, browserName: chrome, browserVersion: 92.0.4515.159, chrome: {chromedriverVersion: 91.0.4472.19 (1bf021f248676..., userDataDir: C:\Users\Lenovo\AppData\Loc...}, goog:chromeOptions: {debuggerAddress: localhost:64084}, javascriptEnabled: true, networkConnectionEnabled: false, pageLoadStrategy: normal, platform: WINDOWS, platformName: WINDOWS, proxy: Proxy(), setWindowRect: true, strictFileInteractability: false, timeouts: {implicit: 0, pageLoad: 300000, script: 30000}, unhandledPromptBehavior: dismiss and notify, webauthn:extension:largeBlob: true, webauthn:virtualAuthenticators: true}
Session ID: 1f45ca27e4c74749f99079983e228a01
*** Element info: {Using=xpath, value=//div[@class= &apos;server-err&apos;]}
	at org.openqa.selenium.remote.http.W3CHttpResponseCodec.createException(W3CHttpResponseCodec.java:187)
	at org.openqa.selenium.remote.http.W3CHttpResponseCodec.decode(W3CHttpResponseCodec.java:122)
	at org.openqa.selenium.remote.http.W3CHttpResponseCodec.decode(W3CHttpResponseCodec.java:49)
	at org.openqa.selenium.remote.HttpCommandExecutor.execute(HttpCommandExecutor.java:158)
	at org.openqa.selenium.remote.service.DriverCommandExecutor.execute(DriverCommandExecutor.java:83)
	at org.openqa.selenium.remote.RemoteWebDriver.execute(RemoteWebDriver.java:552)
	at org.openqa.selenium.remote.RemoteWebDriver.findElement(RemoteWebDriver.java:323)
	at org.openqa.selenium.remote.RemoteWebDriver.findElementByXPath(RemoteWebDriver.java:428)
	at org.openqa.selenium.By$ByXPath.findElement(By.java:353)
	at org.openqa.selenium.remote.RemoteWebDriver.findElement(RemoteWebDriver.java:315)
	at org.openqa.selenium.support.ui.ExpectedConditions$7.apply(ExpectedConditions.java:205)
	at org.openqa.selenium.support.ui.ExpectedConditions$7.apply(ExpectedConditions.java:201)
	at org.openqa.selenium.support.ui.FluentWait.until(FluentWait.java:249)
	... 32 more
... Removed 33 stack frames</div></td></tr></table><p class="totop"><a href="#summary">back to summary</a></p><h3 id="m1">com.featuretesting.LogInPage#companyURLVerification</h3><table class="result"></table><p class="totop"><a href="#summary">back to summary</a></p><h3 id="m2">com.featuretesting.LogInPage#homePageTest</h3><table class="result"></table><p class="totop"><a href="#summary">back to summary</a></p><h3 id="m3">com.featuretesting.LogInPage#invalidCredentialsTest</h3><table class="result"><tr class="param"><th>Parameter #1</th><th>Parameter #2</th></tr><tr class="param stripe"><td>rest.rest@test.com</td><td>Testing786#</td></tr></table><p class="totop"><a href="#summary">back to summary</a></p><h3 id="m4">com.featuretesting.LogInPage#logInToNaukriSite</h3><table class="result"><tr class="param"><th>Parameter #1</th><th>Parameter #2</th></tr><tr class="param stripe"><td>loomba.robin786@gmail.com</td><td>Testing786#</td></tr></table><p class="totop"><a href="#summary">back to summary</a></p><h3 id="m5">com.featuretesting.LogInPage#openBrowserAllrecruiterPage</h3><table class="result"></table><p class="totop"><a href="#summary">back to summary</a></p><h3 id="m6">com.featuretesting.LogInPage#registerClick</h3><table class="result"></table><p class="totop"><a href="#summary">back to summary</a></p></body></html>