<?xml version="1.0" encoding="UTF-8"?>
<testng-results ignored="0" total="7" passed="6" failed="1" skipped="0">
  <reporter-output>
  </reporter-output>
  <suite started-at="2021-09-06T08:41:22Z" name="Test-Suite-Naukri" finished-at="2021-09-06T08:43:07Z" duration-ms="104716">
    <groups>
      <group name="Regression Test">
        <method signature="LogInPage.companyURLVerification()[pri:0, instance:com.featuretesting.LogInPage@6f63b475]" name="companyURLVerification" class="com.featuretesting.LogInPage"/>
        <method signature="LogInPage.invalidCredentialsTest(java.lang.String, java.lang.String)[pri:0, instance:com.featuretesting.LogInPage@6f63b475]" name="invalidCredentialsTest" class="com.featuretesting.LogInPage"/>
        <method signature="LogInPage.logInToNaukriSite(java.lang.String, java.lang.String)[pri:0, instance:com.featuretesting.LogInPage@6f63b475]" name="logInToNaukriSite" class="com.featuretesting.LogInPage"/>
        <method signature="LogInPage.openBrowserAllrecruiterPage()[pri:0, instance:com.featuretesting.LogInPage@6f63b475]" name="openBrowserAllrecruiterPage" class="com.featuretesting.LogInPage"/>
        <method signature="LogInPage.registerClick()[pri:0, instance:com.featuretesting.LogInPage@6f63b475]" name="registerClick" class="com.featuretesting.LogInPage"/>
      </group> <!-- Regression Test -->
      <group name="Smoke Test">
        <method signature="LogInPage.homePageTest()[pri:0, instance:com.featuretesting.LogInPage@6f63b475]" name="homePageTest" class="com.featuretesting.LogInPage"/>
        <method signature="LogInPage.logInToNaukriSite(java.lang.String, java.lang.String)[pri:0, instance:com.featuretesting.LogInPage@6f63b475]" name="logInToNaukriSite" class="com.featuretesting.LogInPage"/>
      </group> <!-- Smoke Test -->
      <group name="RegressionTest">
        <method signature="LogInPage.homePageTest()[pri:0, instance:com.featuretesting.LogInPage@6f63b475]" name="homePageTest" class="com.featuretesting.LogInPage"/>
      </group> <!-- RegressionTest -->
    </groups>
    <test started-at="2021-09-06T08:41:22Z" name="Naukri Test" finished-at="2021-09-06T08:43:07Z" duration-ms="104716">
      <class name="com.featuretesting.LogInPage">
        <test-method is-config="true" signature="initialize()[pri:0, instance:com.featuretesting.LogInPage@6f63b475]" started-at="2021-09-06T14:11:22Z" name="initialize" finished-at="2021-09-06T14:11:24Z" duration-ms="2011" status="PASS">
          <reporter-output>
          </reporter-output>
        </test-method> <!-- initialize -->
        <test-method signature="companyURLVerification()[pri:0, instance:com.featuretesting.LogInPage@6f63b475]" started-at="2021-09-06T14:11:24Z" name="companyURLVerification" finished-at="2021-09-06T14:11:31Z" duration-ms="7351" status="PASS">
          <reporter-output>
          </reporter-output>
        </test-method> <!-- companyURLVerification -->
        <test-method is-config="true" signature="tearDown()[pri:0, instance:com.featuretesting.LogInPage@6f63b475]" started-at="2021-09-06T14:11:31Z" name="tearDown" finished-at="2021-09-06T14:11:37Z" duration-ms="5778" status="PASS">
          <reporter-output>
          </reporter-output>
        </test-method> <!-- tearDown -->
        <test-method is-config="true" signature="initialize()[pri:0, instance:com.featuretesting.LogInPage@6f63b475]" started-at="2021-09-06T14:11:37Z" name="initialize" finished-at="2021-09-06T14:11:38Z" duration-ms="1159" status="PASS">
          <reporter-output>
          </reporter-output>
        </test-method> <!-- initialize -->
        <test-method signature="homePageTest()[pri:0, instance:com.featuretesting.LogInPage@6f63b475]" started-at="2021-09-06T14:11:38Z" name="homePageTest" finished-at="2021-09-06T14:11:41Z" duration-ms="2780" status="PASS">
          <reporter-output>
          </reporter-output>
        </test-method> <!-- homePageTest -->
        <test-method is-config="true" signature="tearDown()[pri:0, instance:com.featuretesting.LogInPage@6f63b475]" started-at="2021-09-06T14:11:41Z" name="tearDown" finished-at="2021-09-06T14:11:47Z" duration-ms="5670" status="PASS">
          <reporter-output>
          </reporter-output>
        </test-method> <!-- tearDown -->
        <test-method is-config="true" signature="initialize()[pri:0, instance:com.featuretesting.LogInPage@6f63b475]" started-at="2021-09-06T14:11:47Z" name="initialize" finished-at="2021-09-06T14:11:48Z" duration-ms="1113" status="PASS">
          <reporter-output>
          </reporter-output>
        </test-method> <!-- initialize -->
        <test-method signature="invalidCredentialsTest(java.lang.String, java.lang.String)[pri:0, instance:com.featuretesting.LogInPage@6f63b475]" started-at="2021-09-06T14:11:48Z" name="invalidCredentialsTest" data-provider="data-providerInvalid" finished-at="2021-09-06T14:11:53Z" duration-ms="5161" status="PASS">
          <params>
            <param index="0">
              <value>
                <![CDATA[rest.rest@test.com]]>
              </value>
            </param>
            <param index="1">
              <value>
                <![CDATA[Testing786#]]>
              </value>
            </param>
          </params>
          <reporter-output>
          </reporter-output>
        </test-method> <!-- invalidCredentialsTest -->
        <test-method is-config="true" signature="tearDown()[pri:0, instance:com.featuretesting.LogInPage@6f63b475]" started-at="2021-09-06T14:11:53Z" name="tearDown" finished-at="2021-09-06T14:11:59Z" duration-ms="5655" status="PASS">
          <reporter-output>
          </reporter-output>
        </test-method> <!-- tearDown -->
        <test-method is-config="true" signature="initialize()[pri:0, instance:com.featuretesting.LogInPage@6f63b475]" started-at="2021-09-06T14:11:59Z" name="initialize" finished-at="2021-09-06T14:12:00Z" duration-ms="1157" status="PASS">
          <reporter-output>
          </reporter-output>
        </test-method> <!-- initialize -->
        <test-method signature="invalidCredentialsTest(java.lang.String, java.lang.String)[pri:0, instance:com.featuretesting.LogInPage@6f63b475]" started-at="2021-09-06T14:12:00Z" name="invalidCredentialsTest" data-provider="data-providerInvalid" finished-at="2021-09-06T14:12:23Z" duration-ms="23246" status="FAIL">
          <params>
            <param index="0">
              <value>
                <![CDATA[test.test@test.com]]>
              </value>
            </param>
            <param index="1">
              <value>
                <![CDATA[tester]]>
              </value>
            </param>
          </params>
          <exception class="org.openqa.selenium.TimeoutException">
            <message>
              <![CDATA[Expected condition failed: waiting for visibility of element located by By.xpath: //div[@class= 'server-err'] (tried for 20 second(s) with 500 milliseconds interval)]]>
            </message>
            <full-stacktrace>
              <![CDATA[org.openqa.selenium.TimeoutException: Expected condition failed: waiting for visibility of element located by By.xpath: //div[@class= 'server-err'] (tried for 20 second(s) with 500 milliseconds interval)
	at org.openqa.selenium.support.ui.WebDriverWait.timeoutException(WebDriverWait.java:95)
	at org.openqa.selenium.support.ui.FluentWait.until(FluentWait.java:272)
	at com.featuretesting.BaseClass.explicitWait(BaseClass.java:102)
	at com.objectrepository.LogInPagePOM.getErrorMessage(LogInPagePOM.java:60)
	at com.featuretesting.LogInPage.invalidCredentialsTest(LogInPage.java:42)
	at java.base/jdk.internal.reflect.NativeMethodAccessorImpl.invoke0(Native Method)
	at java.base/jdk.internal.reflect.NativeMethodAccessorImpl.invoke(NativeMethodAccessorImpl.java:62)
	at java.base/jdk.internal.reflect.DelegatingMethodAccessorImpl.invoke(DelegatingMethodAccessorImpl.java:43)
	at java.base/java.lang.reflect.Method.invoke(Method.java:566)
	at org.testng.internal.MethodInvocationHelper.invokeMethod(MethodInvocationHelper.java:104)
	at org.testng.internal.Invoker.invokeMethod(Invoker.java:645)
	at org.testng.internal.Invoker.invokeTestMethod(Invoker.java:851)
	at org.testng.internal.Invoker.invokeTestMethods(Invoker.java:1177)
	at org.testng.internal.TestMethodWorker.invokeTestMethods(TestMethodWorker.java:129)
	at org.testng.internal.TestMethodWorker.run(TestMethodWorker.java:112)
	at org.testng.TestRunner.privateRun(TestRunner.java:756)
	at org.testng.TestRunner.run(TestRunner.java:610)
	at org.testng.SuiteRunner.runTest(SuiteRunner.java:387)
	at org.testng.SuiteRunner.runSequentially(SuiteRunner.java:382)
	at org.testng.SuiteRunner.privateRun(SuiteRunner.java:340)
	at org.testng.SuiteRunner.run(SuiteRunner.java:289)
	at org.testng.SuiteRunnerWorker.runSuite(SuiteRunnerWorker.java:52)
	at org.testng.SuiteRunnerWorker.run(SuiteRunnerWorker.java:86)
	at org.testng.TestNG.runSuitesSequentially(TestNG.java:1293)
	at org.testng.TestNG.runSuitesLocally(TestNG.java:1218)
	at org.testng.TestNG.runSuites(TestNG.java:1133)
	at org.testng.TestNG.run(TestNG.java:1104)
	at org.apache.maven.surefire.testng.TestNGExecutor.run(TestNGExecutor.java:284)
	at org.apache.maven.surefire.testng.TestNGXmlTestSuite.execute(TestNGXmlTestSuite.java:75)
	at org.apache.maven.surefire.testng.TestNGProvider.invoke(TestNGProvider.java:119)
	at org.apache.maven.surefire.booter.ForkedBooter.runSuitesInProcess(ForkedBooter.java:428)
	at org.apache.maven.surefire.booter.ForkedBooter.execute(ForkedBooter.java:162)
	at org.apache.maven.surefire.booter.ForkedBooter.run(ForkedBooter.java:562)
	at org.apache.maven.surefire.booter.ForkedBooter.main(ForkedBooter.java:548)
Caused by: org.openqa.selenium.NoSuchElementException: no such element: Unable to locate element: {"method":"xpath","selector":"//div[@class= 'server-err']"}
  (Session info: chrome=92.0.4515.159)
For documentation on this error, please visit: https://www.seleniumhq.org/exceptions/no_such_element.html
Build info: version: '3.141.59', revision: 'e82be7d358', time: '2018-11-14T08:17:03'
System info: host: 'LAPTOP-04HEG027', ip: '192.168.1.4', os.name: 'Windows 10', os.arch: 'amd64', os.version: '10.0', java.version: '11.0.11'
Driver info: org.openqa.selenium.chrome.ChromeDriver
Capabilities {acceptInsecureCerts: false, browserName: chrome, browserVersion: 92.0.4515.159, chrome: {chromedriverVersion: 91.0.4472.19 (1bf021f248676..., userDataDir: C:\Users\Lenovo\AppData\Loc...}, goog:chromeOptions: {debuggerAddress: localhost:64084}, javascriptEnabled: true, networkConnectionEnabled: false, pageLoadStrategy: normal, platform: WINDOWS, platformName: WINDOWS, proxy: Proxy(), setWindowRect: true, strictFileInteractability: false, timeouts: {implicit: 0, pageLoad: 300000, script: 30000}, unhandledPromptBehavior: dismiss and notify, webauthn:extension:largeBlob: true, webauthn:virtualAuthenticators: true}
Session ID: 1f45ca27e4c74749f99079983e228a01
*** Element info: {Using=xpath, value=//div[@class= 'server-err']}
	at java.base/jdk.internal.reflect.NativeConstructorAccessorImpl.newInstance0(Native Method)
	at java.base/jdk.internal.reflect.NativeConstructorAccessorImpl.newInstance(NativeConstructorAccessorImpl.java:62)
	at java.base/jdk.internal.reflect.DelegatingConstructorAccessorImpl.newInstance(DelegatingConstructorAccessorImpl.java:45)
	at java.base/java.lang.reflect.Constructor.newInstance(Constructor.java:490)
	at org.openqa.selenium.remote.http.W3CHttpResponseCodec.createException(W3CHttpResponseCodec.java:187)
	at org.openqa.selenium.remote.http.W3CHttpResponseCodec.decode(W3CHttpResponseCodec.java:122)
	at org.openqa.selenium.remote.http.W3CHttpResponseCodec.decode(W3CHttpResponseCodec.java:49)
	at org.openqa.selenium.remote.HttpCommandExecutor.execute(HttpCommandExecutor.java:158)
	at org.openqa.selenium.remote.service.DriverCommandExecutor.execute(DriverCommandExecutor.java:83)
	at org.openqa.selenium.remote.RemoteWebDriver.execute(RemoteWebDriver.java:552)
	at org.openqa.selenium.remote.RemoteWebDriver.findElement(RemoteWebDriver.java:323)
	at org.openqa.selenium.remote.RemoteWebDriver.findElementByXPath(RemoteWebDriver.java:428)
	at org.openqa.selenium.By$ByXPath.findElement(By.java:353)
	at org.openqa.selenium.remote.RemoteWebDriver.findElement(RemoteWebDriver.java:315)
	at org.openqa.selenium.support.ui.ExpectedConditions$7.apply(ExpectedConditions.java:205)
	at org.openqa.selenium.support.ui.ExpectedConditions$7.apply(ExpectedConditions.java:201)
	at org.openqa.selenium.support.ui.FluentWait.until(FluentWait.java:249)
	... 32 more
]]>
            </full-stacktrace>
          </exception> <!-- org.openqa.selenium.TimeoutException -->
          <reporter-output>
          </reporter-output>
        </test-method> <!-- invalidCredentialsTest -->
        <test-method is-config="true" signature="tearDown()[pri:0, instance:com.featuretesting.LogInPage@6f63b475]" started-at="2021-09-06T14:12:23Z" name="tearDown" finished-at="2021-09-06T14:12:29Z" duration-ms="5730" status="PASS">
          <reporter-output>
          </reporter-output>
        </test-method> <!-- tearDown -->
        <test-method is-config="true" signature="initialize()[pri:0, instance:com.featuretesting.LogInPage@6f63b475]" started-at="2021-09-06T14:12:29Z" name="initialize" finished-at="2021-09-06T14:12:30Z" duration-ms="1302" status="PASS">
          <reporter-output>
          </reporter-output>
        </test-method> <!-- initialize -->
        <test-method signature="logInToNaukriSite(java.lang.String, java.lang.String)[pri:0, instance:com.featuretesting.LogInPage@6f63b475]" started-at="2021-09-06T14:12:30Z" name="logInToNaukriSite" data-provider="data-provider" finished-at="2021-09-06T14:12:41Z" duration-ms="10661" status="PASS">
          <params>
            <param index="0">
              <value>
                <![CDATA[loomba.robin786@gmail.com]]>
              </value>
            </param>
            <param index="1">
              <value>
                <![CDATA[Testing786#]]>
              </value>
            </param>
          </params>
          <reporter-output>
          </reporter-output>
        </test-method> <!-- logInToNaukriSite -->
        <test-method is-config="true" signature="tearDown()[pri:0, instance:com.featuretesting.LogInPage@6f63b475]" started-at="2021-09-06T14:12:41Z" name="tearDown" finished-at="2021-09-06T14:12:47Z" duration-ms="5759" status="PASS">
          <reporter-output>
          </reporter-output>
        </test-method> <!-- tearDown -->
        <test-method is-config="true" signature="initialize()[pri:0, instance:com.featuretesting.LogInPage@6f63b475]" started-at="2021-09-06T14:12:47Z" name="initialize" finished-at="2021-09-06T14:12:48Z" duration-ms="1188" status="PASS">
          <reporter-output>
          </reporter-output>
        </test-method> <!-- initialize -->
        <test-method signature="openBrowserAllrecruiterPage()[pri:0, instance:com.featuretesting.LogInPage@6f63b475]" started-at="2021-09-06T14:12:48Z" name="openBrowserAllrecruiterPage" finished-at="2021-09-06T14:12:51Z" duration-ms="3027" status="PASS">
          <reporter-output>
          </reporter-output>
        </test-method> <!-- openBrowserAllrecruiterPage -->
        <test-method is-config="true" signature="tearDown()[pri:0, instance:com.featuretesting.LogInPage@6f63b475]" started-at="2021-09-06T14:12:51Z" name="tearDown" finished-at="2021-09-06T14:12:56Z" duration-ms="5681" status="PASS">
          <reporter-output>
          </reporter-output>
        </test-method> <!-- tearDown -->
        <test-method is-config="true" signature="initialize()[pri:0, instance:com.featuretesting.LogInPage@6f63b475]" started-at="2021-09-06T14:12:56Z" name="initialize" finished-at="2021-09-06T14:12:58Z" duration-ms="1113" status="PASS">
          <reporter-output>
          </reporter-output>
        </test-method> <!-- initialize -->
        <test-method signature="registerClick()[pri:0, instance:com.featuretesting.LogInPage@6f63b475]" started-at="2021-09-06T14:12:58Z" name="registerClick" finished-at="2021-09-06T14:13:01Z" duration-ms="3421" status="PASS">
          <reporter-output>
          </reporter-output>
        </test-method> <!-- registerClick -->
        <test-method is-config="true" signature="tearDown()[pri:0, instance:com.featuretesting.LogInPage@6f63b475]" started-at="2021-09-06T14:13:01Z" name="tearDown" finished-at="2021-09-06T14:13:07Z" duration-ms="5699" status="PASS">
          <reporter-output>
          </reporter-output>
        </test-method> <!-- tearDown -->
      </class> <!-- com.featuretesting.LogInPage -->
    </test> <!-- Naukri Test -->
  </suite> <!-- Test-Suite-Naukri -->
</testng-results>
